completed
completed
completed
completed
completed
completed
completed at:11/06/2021 02:51:21
completed on: 11/06/2021 at 02:52:21
completed on: 11/06/2021 at 02:53:23
completed on: 12/06/2021 at 00:00:43 with 1 updates
completed on: 12/06/2021 at 14:00:41 with 0 updates
completed on: 13/06/2021 at 06:01:25 with 0 updates
completed on: 13/06/2021 at 10:01:25 with 0 updates
completed on: 13/06/2021 at 14:01:13 with 0 updates
completed on: 13/06/2021 at 18:01:14 with 1 updates
completed on: 13/06/2021 at 22:01:23 with 0 updates
completed on: 14/06/2021 at 02:01:27 with 0 updates
completed on: 14/06/2021 at 06:01:15 with 0 updates
completed on: 14/06/2021 at 10:01:14 with 7 updates
completed on: 14/06/2021 at 14:01:22 with 5 updates
completed on: 14/06/2021 at 18:01:20 with 0 updates
completed on: 14/06/2021 at 22:01:10 with 0 updates
completed on: 15/06/2021 at 02:01:13 with 0 updates
completed 1/25
completed 2/25
completed 3/25
completed 4/25
completed 5/25
completed 6/25
completed 7/25
completed 8/25
completed 9/25
completed 10/25
completed 11/25
completed 12/25
completed 13/25
completed 14/25
completed 15/25
completed 16/25
completed 17/25
completed 18/25
completed 19/25
completed 20/25
completed 21/25
completed 22/25
completed 23/25
completed 24/25
completed 25/25
completed on: 15/06/2021 at 06:00:50 with 0 updates
completed on: 15/06/2021 at 10:01:24 with 0 updates
completed on: 15/06/2021 at 14:01:09 with 2 updates
completed on: 15/06/2021 at 18:01:11 with 2 updates
completed on: 15/06/2021 at 22:01:17 with 0 updates
completed on: 16/06/2021 at 02:01:14 with 0 updates
completed on: 16/06/2021 at 06:01:20 with 0 updates
completed on: 16/06/2021 at 10:01:21 with 4 updates
completed on: 16/06/2021 at 14:01:08 with 2 updates
completed on: 16/06/2021 at 18:01:12 with 0 updates
completed on: 16/06/2021 at 22:01:13 with 1 updates
completed on: 17/06/2021 at 06:01:22 with 1 updates
completed on: 17/06/2021 at 10:01:13 with 2 updates
completed on: 18/06/2021 at 22:01:15 with 3 updates
completed on: 19/06/2021 at 06:01:28 with 0 updates
completed on: 19/06/2021 at 14:00:47 with 6 updates
