completed
completed
completed
completed
completed
completed
completed at:11/06/2021 02:51:21
completed on: 11/06/2021 at 02:52:21
completed on: 11/06/2021 at 02:53:23
completed on: 12/06/2021 at 00:00:43 with 1 updates
completed on: 12/06/2021 at 14:00:41 with 0 updates
completed on: 13/06/2021 at 06:01:25 with 0 updates
completed on: 13/06/2021 at 10:01:25 with 0 updates
completed on: 13/06/2021 at 14:01:13 with 0 updates
completed on: 13/06/2021 at 18:01:14 with 1 updates
completed on: 13/06/2021 at 22:01:23 with 0 updates
completed on: 14/06/2021 at 02:01:27 with 0 updates
completed on: 14/06/2021 at 06:01:15 with 0 updates
completed on: 14/06/2021 at 10:01:14 with 7 updates
completed on: 14/06/2021 at 14:01:22 with 5 updates
completed on: 14/06/2021 at 18:01:20 with 0 updates
completed on: 14/06/2021 at 22:01:10 with 0 updates
completed on: 15/06/2021 at 02:01:13 with 0 updates
completed on: 15/06/2021 at 06:00:50 with 0 updates
completed on: 15/06/2021 at 10:01:24 with 0 updates
completed on: 15/06/2021 at 14:01:09 with 2 updates
completed on: 15/06/2021 at 18:01:11 with 2 updates
completed on: 15/06/2021 at 22:01:17 with 0 updates
completed on: 16/06/2021 at 02:01:14 with 0 updates
completed on: 16/06/2021 at 06:01:20 with 0 updates
completed on: 16/06/2021 at 10:01:21 with 4 updates
completed on: 16/06/2021 at 14:01:08 with 2 updates
completed on: 16/06/2021 at 18:01:12 with 0 updates
completed on: 16/06/2021 at 22:01:13 with 1 updates
completed on: 17/06/2021 at 06:01:22 with 1 updates
completed on: 17/06/2021 at 10:01:13 with 2 updates
completed on: 18/06/2021 at 22:01:15 with 3 updates
completed on: 19/06/2021 at 06:01:28 with 0 updates
completed on: 19/06/2021 at 14:00:47 with 6 updates
completed on: 19/06/2021 at 14:51:45 with 0 updates
completed on: 19/06/2021 at 22:01:11 with 0 updates
completed on: 20/06/2021 at 06:01:23 with 0 updates
completed on: 20/06/2021 at 14:01:20 with 4 updates
completed on: 20/06/2021 at 22:01:26 with 1 updates
completed on: 21/06/2021 at 06:01:30 with 0 updates
completed on: 21/06/2021 at 14:01:25 with 12 updates
completed on: 21/06/2021 at 22:01:25 with 0 updates
completed on: 22/06/2021 at 06:01:15 with 0 updates
completed on: 22/06/2021 at 14:01:18 with 6 updates
completed on: 23/06/2021 at 06:01:30 with 1 updates
completed on: 23/06/2021 at 22:01:16 with 0 updates
completed on: 24/06/2021 at 06:01:27 with 0 updates
completed on: 24/06/2021 at 14:01:23 with 1 updates
completed on: 24/06/2021 at 22:01:08 with 3 updates
completed on: 25/06/2021 at 06:01:10 with 0 updates
completed on: 25/06/2021 at 14:01:05 with 8 updates
completed on: 25/06/2021 at 22:01:21 with 0 updates
completed on: 26/06/2021 at 06:01:15 with 5 updates
completed on: 26/06/2021 at 22:01:07 with 12 updates
completed on: 27/06/2021 at 06:01:22 with 4 updates
completed on: 27/06/2021 at 14:01:17 with 12 updates
completed on: 27/06/2021 at 22:01:35 with 0 updates
completed on: 28/06/2021 at 06:01:04 with 1 updates
completed on: 28/06/2021 at 14:01:08 with 7 updates
completed on: 28/06/2021 at 22:01:10 with 0 updates
completed on: 29/06/2021 at 06:01:21 with 0 updates
completed on: 01/07/2021 at 14:01:09 with 1 updates
completed on: 01/07/2021 at 22:01:14 with 0 updates
completed on: 02/07/2021 at 06:01:03 with 3 updates
completed on: 02/07/2021 at 14:01:30 with 6 updates
completed on: 02/07/2021 at 22:01:10 with 1 updates
completed on: 03/07/2021 at 06:01:24 with 3 updates
completed on: 03/07/2021 at 14:01:10 with 11 updates
completed on: 03/07/2021 at 22:01:11 with 1 updates
completed on: 04/07/2021 at 06:01:20 with 3 updates
completed on: 04/07/2021 at 14:01:14 with 5 updates
completed on: 04/07/2021 at 22:01:05 with 0 updates
completed on: 05/07/2021 at 06:01:20 with 8 updates
completed on: 05/07/2021 at 14:01:06 with 12 updates
completed on: 05/07/2021 at 22:01:09 with 0 updates
completed on: 06/07/2021 at 06:01:31 with 4 updates
completed on: 06/07/2021 at 14:01:03 with 9 updates
completed on: 06/07/2021 at 22:01:23 with 1 updates
completed on: 07/07/2021 at 06:01:31 with 4 updates
completed on: 07/07/2021 at 14:01:01 with 4 updates
completed on: 07/07/2021 at 22:01:08 with 3 updates
completed on: 08/07/2021 at 06:01:21 with 4 updates
completed on: 08/07/2021 at 14:01:17 with 10 updates
completed on: 08/07/2021 at 22:01:18 with 0 updates
completed on: 09/07/2021 at 14:01:21 with 3 updates
completed on: 09/07/2021 at 22:01:24 with 0 updates
completed on: 10/07/2021 at 06:01:24 with 1 updates
completed on: 10/07/2021 at 14:01:25 with 5 updates
completed on: 10/07/2021 at 22:01:13 with 2 updates
completed on: 11/07/2021 at 06:01:24 with 0 updates
completed on: 11/07/2021 at 14:01:12 with 8 updates
completed on: 11/07/2021 at 22:01:15 with 5 updates
completed on: 12/07/2021 at 06:01:23 with 3 updates
completed on: 12/07/2021 at 14:01:22 with 1 updates
completed on: 12/07/2021 at 22:01:24 with 0 updates
completed on: 13/07/2021 at 06:01:23 with 1 updates
completed on: 13/07/2021 at 14:01:30 with 6 updates
completed on: 13/07/2021 at 22:01:14 with 0 updates
completed on: 14/07/2021 at 06:01:23 with 2 updates
completed on: 14/07/2021 at 14:01:39 with 0 updates
completed on: 14/07/2021 at 22:01:24 with 1 updates
completed on: 15/07/2021 at 06:01:22 with 6 updates
completed on: 15/07/2021 at 14:01:30 with 0 updates
completed on: 15/07/2021 at 22:01:20 with 0 updates
completed on: 16/07/2021 at 06:01:27 with 0 updates
completed on: 16/07/2021 at 22:01:18 with 8 updates
completed on: 17/07/2021 at 06:02:13 with 4 updates
completed on: 17/07/2021 at 14:01:22 with 9 updates
completed on: 17/07/2021 at 22:01:22 with 6 updates
completed on: 18/07/2021 at 06:02:00 with 3 updates
completed on: 18/07/2021 at 14:01:26 with 7 updates
completed on: 18/07/2021 at 22:01:20 with 0 updates
completed on: 19/07/2021 at 06:01:59 with 4 updates
completed on: 19/07/2021 at 14:01:24 with 10 updates
completed on: 19/07/2021 at 22:01:29 with 3 updates
completed on: 20/07/2021 at 06:01:42 with 4 updates
completed on: 20/07/2021 at 14:01:29 with 1 updates
completed on: 20/07/2021 at 22:01:35 with 0 updates
completed on: 21/07/2021 at 06:01:40 with 3 updates
completed on: 21/07/2021 at 14:01:29 with 11 updates
completed on: 21/07/2021 at 22:01:33 with 0 updates
completed on: 22/07/2021 at 06:01:43 with 0 updates
completed on: 22/07/2021 at 14:01:28 with 7 updates
completed on: 22/07/2021 at 22:01:38 with 0 updates
completed on: 23/07/2021 at 06:01:50 with 2 updates
completed on: 23/07/2021 at 14:01:41 with 11 updates
completed on: 23/07/2021 at 22:01:45 with 1 updates
completed on: 24/07/2021 at 06:01:48 with 5 updates
completed on: 24/07/2021 at 14:01:44 with 7 updates
completed on: 24/07/2021 at 22:01:42 with 10 updates
completed on: 25/07/2021 at 06:01:40 with 1 updates
completed on: 25/07/2021 at 14:01:37 with 10 updates
completed on: 25/07/2021 at 22:01:10 with 2 updates
completed on: 26/07/2021 at 06:01:07 with 0 updates
completed on: 26/07/2021 at 14:01:16 with 2 updates
completed on: 26/07/2021 at 22:01:22 with 0 updates
completed on: 27/07/2021 at 06:01:28 with 0 updates
completed on: 27/07/2021 at 14:01:27 with 2 updates
completed on: 27/07/2021 at 22:01:34 with 0 updates
completed on: 28/07/2021 at 06:01:21 with 0 updates
completed on: 28/07/2021 at 14:01:45 with 0 updates
completed on: 28/07/2021 at 22:01:19 with 0 updates
completed on: 29/07/2021 at 06:01:13 with 0 updates
completed on: 29/07/2021 at 14:02:19 with 3 updates
completed on: 29/07/2021 at 22:01:34 with 0 updates
completed on: 30/07/2021 at 06:01:23 with 4 updates
completed on: 30/07/2021 at 14:01:24 with 2 updates
completed on: 30/07/2021 at 22:03:59 with 0 updates
completed on: 31/07/2021 at 06:03:21 with 2 updates
completed on: 31/07/2021 at 14:02:58 with 5 updates
completed on: 31/07/2021 at 22:03:01 with 1 updates
completed on: 01/08/2021 at 06:03:04 with 2 updates
completed on: 01/08/2021 at 14:03:14 with 4 updates
completed on: 01/08/2021 at 22:01:11 with 0 updates
completed on: 02/08/2021 at 06:01:05 with 0 updates
completed on: 02/08/2021 at 14:01:13 with 4 updates
completed on: 02/08/2021 at 22:01:08 with 0 updates
completed on: 03/08/2021 at 06:01:07 with 0 updates
leaderboard updated
completed on: 03/08/2021 at 14:01:05 with 1 updates
completed on: 03/08/2021 at 22:00:56 with 0 updates
completed on: 04/08/2021 at 06:00:50 with 0 updates
completed on: 04/08/2021 at 14:01:24 with 1 updates
completed on: 04/08/2021 at 22:01:08 with 0 updates
completed on: 05/08/2021 at 06:00:51 with 0 updates
completed on: 05/08/2021 at 14:01:02 with 6 updates
completed on: 05/08/2021 at 22:00:49 with 0 updates
completed on: 06/08/2021 at 06:01:05 with 8 updates
completed on: 06/08/2021 at 14:01:01 with 1 updates
completed on: 06/08/2021 at 22:00:53 with 4 updates
completed on: 07/08/2021 at 06:00:49 with 8 updates
completed on: 07/08/2021 at 14:00:56 with 10 updates
completed on: 07/08/2021 at 22:00:56 with 10 updates
completed on: 08/08/2021 at 06:00:59 with 0 updates
completed on: 08/08/2021 at 14:01:01 with 9 updates
completed on: 08/08/2021 at 22:00:57 with 0 updates
completed on: 09/08/2021 at 06:01:00 with 7 updates
completed on: 09/08/2021 at 14:00:50 with 11 updates
completed on: 09/08/2021 at 22:00:59 with 0 updates
completed on: 10/08/2021 at 06:00:59 with 7 updates
completed on: 10/08/2021 at 14:00:50 with 0 updates
completed on: 10/08/2021 at 22:01:23 with 0 updates
completed on: 11/08/2021 at 06:01:14 with 5 updates
completed on: 11/08/2021 at 14:01:14 with 10 updates
completed on: 11/08/2021 at 22:01:09 with 2 updates
completed on: 12/08/2021 at 06:01:21 with 9 updates
completed on: 12/08/2021 at 22:01:09 with 11 updates
completed on: 13/08/2021 at 06:01:10 with 7 updates
completed on: 13/08/2021 at 14:01:04 with 4 updates
completed on: 13/08/2021 at 22:01:12 with 0 updates
completed on: 14/08/2021 at 06:01:07 with 0 updates
completed on: 14/08/2021 at 14:01:01 with 15 updates
completed on: 14/08/2021 at 22:01:07 with 5 updates
completed on: 15/08/2021 at 06:01:08 with 0 updates
completed on: 15/08/2021 at 14:00:57 with 4 updates
completed on: 15/08/2021 at 22:01:09 with 0 updates
completed on: 16/08/2021 at 06:01:05 with 0 updates
completed on: 16/08/2021 at 14:01:03 with 3 updates
completed on: 16/08/2021 at 22:01:05 with 0 updates
completed on: 17/08/2021 at 06:01:05 with 2 updates
completed on: 17/08/2021 at 14:01:27 with 3 updates
completed on: 17/08/2021 at 22:01:22 with 0 updates
completed on: 18/08/2021 at 06:01:01 with 2 updates
completed on: 18/08/2021 at 14:00:44 with 5 updates
completed on: 18/08/2021 at 22:00:45 with 3 updates
completed on: 19/08/2021 at 06:00:53 with 1 updates
completed on: 19/08/2021 at 14:00:52 with 3 updates
completed on: 19/08/2021 at 22:00:40 with 1 updates
completed on: 20/08/2021 at 22:00:33 with 11 updates
completed on: 21/08/2021 at 06:00:37 with 0 updates
completed on: 21/08/2021 at 14:00:40 with 10 updates
completed on: 21/08/2021 at 22:00:45 with 3 updates
completed on: 22/08/2021 at 06:00:40 with 1 updates
completed on: 22/08/2021 at 14:00:41 with 6 updates
completed on: 22/08/2021 at 22:00:35 with 4 updates
completed on: 23/08/2021 at 06:00:42 with 2 updates
completed on: 23/08/2021 at 14:00:40 with 1 updates
completed on: 23/08/2021 at 22:00:45 with 0 updates
completed on: 24/08/2021 at 06:00:44 with 1 updates
completed on: 24/08/2021 at 14:00:47 with 3 updates
completed on: 24/08/2021 at 22:00:40 with 0 updates
completed on: 25/08/2021 at 06:00:29 with 0 updates
completed on: 25/08/2021 at 22:00:30 with 11 updates
completed on: 26/08/2021 at 06:00:32 with 0 updates
completed on: 26/08/2021 at 14:00:30 with 8 updates
completed on: 26/08/2021 at 22:00:32 with 0 updates
completed on: 27/08/2021 at 06:00:30 with 6 updates
completed on: 27/08/2021 at 14:00:28 with 3 updates
completed on: 27/08/2021 at 22:00:33 with 1 updates
completed on: 28/08/2021 at 06:00:34 with 0 updates
completed on: 28/08/2021 at 14:00:34 with 5 updates
completed on: 28/08/2021 at 22:00:36 with 3 updates
completed on: 29/08/2021 at 06:00:34 with 0 updates
completed on: 29/08/2021 at 14:00:30 with 9 updates
completed on: 29/08/2021 at 22:00:32 with 12 updates
completed on: 30/08/2021 at 06:00:27 with 0 updates
completed on: 30/08/2021 at 14:00:33 with 10 updates
completed on: 30/08/2021 at 22:00:31 with 0 updates
completed on: 31/08/2021 at 06:00:32 with 0 updates
completed on: 31/08/2021 at 14:00:36 with 3 updates
completed on: 31/08/2021 at 22:00:39 with 0 updates
completed on: 01/09/2021 at 06:00:34 with 4 updates
completed on: 01/09/2021 at 14:00:34 with 16 updates
completed on: 01/09/2021 at 22:00:37 with 1 updates
completed on: 02/09/2021 at 06:00:34 with 0 updates
completed on: 02/09/2021 at 14:00:36 with 3 updates
completed on: 02/09/2021 at 22:00:48 with 6 updates
completed on: 03/09/2021 at 06:00:29 with 0 updates
completed on: 03/09/2021 at 14:00:37 with 5 updates
completed on: 03/09/2021 at 22:00:28 with 12 updates
completed on: 04/09/2021 at 06:00:29 with 0 updates
completed on: 04/09/2021 at 14:00:29 with 12 updates
completed on: 04/09/2021 at 22:00:31 with 14 updates
completed on: 05/09/2021 at 06:00:32 with 0 updates
completed on: 05/09/2021 at 14:00:34 with 7 updates
completed on: 05/09/2021 at 22:00:33 with 4 updates
completed on: 06/09/2021 at 06:00:39 with 0 updates
completed on: 06/09/2021 at 14:00:33 with 3 updates
completed on: 06/09/2021 at 22:00:45 with 0 updates
completed on: 07/09/2021 at 06:00:31 with 5 updates
completed on: 07/09/2021 at 14:00:33 with 8 updates
completed on: 07/09/2021 at 22:00:32 with 3 updates
completed on: 08/09/2021 at 06:00:29 with 3 updates
completed on: 08/09/2021 at 14:00:38 with 6 updates
completed on: 09/09/2021 at 06:00:39 with 1 updates
completed on: 09/09/2021 at 14:00:34 with 4 updates
completed on: 09/09/2021 at 22:00:36 with 2 updates
completed on: 10/09/2021 at 06:00:38 with 0 updates
completed on: 10/09/2021 at 14:00:31 with 9 updates
completed on: 10/09/2021 at 22:00:36 with 8 updates
completed on: 11/09/2021 at 06:00:49 with 0 updates
completed on: 11/09/2021 at 14:00:34 with 10 updates
completed on: 11/09/2021 at 22:00:34 with 10 updates
completed on: 12/09/2021 at 06:00:34 with 0 updates
completed on: 12/09/2021 at 14:00:34 with 8 updates
completed on: 12/09/2021 at 22:00:34 with 11 updates
completed on: 13/09/2021 at 06:00:33 with 4 updates
completed on: 13/09/2021 at 14:00:32 with 7 updates
completed on: 13/09/2021 at 22:00:46 with 6 updates
completed on: 14/09/2021 at 06:00:33 with 4 updates
completed on: 14/09/2021 at 14:00:24 with 15 updates
completed on: 14/09/2021 at 22:00:28 with 6 updates
completed on: 15/09/2021 at 06:00:28 with 2 updates
completed on: 15/09/2021 at 14:00:31 with 7 updates
completed on: 15/09/2021 at 22:00:32 with 0 updates
completed on: 16/09/2021 at 06:00:30 with 0 updates
completed on: 16/09/2021 at 22:00:25 with 5 updates
completed on: 17/09/2021 at 06:00:26 with 0 updates
completed on: 17/09/2021 at 14:00:24 with 6 updates
completed on: 17/09/2021 at 22:00:27 with 13 updates
completed on: 18/09/2021 at 06:00:26 with 2 updates
completed on: 18/09/2021 at 14:00:24 with 22 updates
completed on: 18/09/2021 at 22:00:33 with 4 updates
completed on: 19/09/2021 at 06:00:28 with 5 updates
completed on: 19/09/2021 at 14:00:28 with 4 updates
completed on: 19/09/2021 at 22:00:29 with 17 updates
completed on: 20/09/2021 at 06:00:34 with 2 updates
completed on: 20/09/2021 at 14:00:34 with 46 updates
completed on: 20/09/2021 at 22:00:35 with 14 updates
completed on: 21/09/2021 at 06:00:38 with -2 updates
completed on: 21/09/2021 at 14:00:37 with 13 updates
completed on: 21/09/2021 at 22:00:39 with 3 updates
completed on: 22/09/2021 at 06:00:48 with -2 updates
completed on: 22/09/2021 at 14:00:50 with -2 updates
completed on: 22/09/2021 at 22:00:34 with -2 updates
completed on: 23/09/2021 at 06:00:34 with -1 updates
completed on: 23/09/2021 at 14:00:34 with -1 updates
completed on: 23/09/2021 at 22:00:33 with -2 updates
completed on: 24/09/2021 at 06:00:40 with -5 updates
completed on: 24/09/2021 at 14:00:47 with 7 updates
completed on: 24/09/2021 at 22:00:42 with 2 updates
completed on: 25/09/2021 at 06:00:48 with -4 updates
completed on: 25/09/2021 at 14:00:38 with 4 updates
completed on: 25/09/2021 at 22:00:47 with 10 updates
completed on: 26/09/2021 at 06:00:44 with -3 updates
completed on: 26/09/2021 at 14:00:38 with 1 updates
completed on: 26/09/2021 at 22:00:50 with -5 updates
completed on: 27/09/2021 at 06:00:53 with -4 updates
completed on: 27/09/2021 at 14:00:51 with 4 updates
completed on: 27/09/2021 at 22:00:45 with -5 updates
completed on: 28/09/2021 at 06:00:42 with -4 updates
completed on: 28/09/2021 at 14:00:47 with 4 updates
completed on: 28/09/2021 at 22:00:42 with 3 updates
completed on: 29/09/2021 at 06:00:43 with 1 updates
completed on: 29/09/2021 at 14:00:47 with 0 updates
completed on: 29/09/2021 at 22:00:59 with -4 updates
completed on: 30/09/2021 at 06:00:44 with -3 updates
completed on: 30/09/2021 at 14:00:38 with 14 updates
completed on: 30/09/2021 at 22:00:50 with 11 updates
completed on: 01/10/2021 at 06:00:40 with -1 updates
completed on: 01/10/2021 at 14:00:44 with -3 updates
completed on: 01/10/2021 at 22:00:48 with -4 updates
completed on: 02/10/2021 at 06:00:49 with -3 updates
completed on: 02/10/2021 at 14:00:49 with -2 updates
completed on: 02/10/2021 at 22:00:57 with 8 updates
completed on: 03/10/2021 at 06:00:50 with -5 updates
completed on: 03/10/2021 at 14:00:47 with 5 updates
completed on: 03/10/2021 at 22:00:52 with -2 updates
completed on: 04/10/2021 at 06:00:45 with -1 updates
completed on: 04/10/2021 at 14:00:50 with 6 updates
completed on: 04/10/2021 at 22:00:36 with -5 updates
completed on: 05/10/2021 at 06:00:37 with -4 updates
completed on: 05/10/2021 at 14:00:33 with -1 updates
completed on: 05/10/2021 at 22:00:34 with -5 updates
completed on: 06/10/2021 at 06:00:36 with -4 updates
completed on: 06/10/2021 at 14:00:32 with 0 updates
completed on: 06/10/2021 at 22:00:35 with 0 updates
completed on: 07/10/2021 at 06:00:38 with 6 updates
completed on: 07/10/2021 at 14:00:35 with 2 updates
completed on: 07/10/2021 at 22:00:39 with -2 updates
completed on: 08/10/2021 at 06:00:36 with -2 updates
completed on: 08/10/2021 at 14:00:39 with 2 updates
completed on: 08/10/2021 at 22:00:43 with 4 updates
completed on: 09/10/2021 at 06:00:41 with -2 updates
completed on: 09/10/2021 at 14:00:32 with 9 updates
completed on: 09/10/2021 at 22:00:34 with 9 updates
completed on: 10/10/2021 at 06:00:37 with -5 updates
completed on: 10/10/2021 at 14:00:37 with 1 updates
completed on: 10/10/2021 at 22:00:35 with -5 updates
completed on: 11/10/2021 at 06:00:34 with 0 updates
completed on: 11/10/2021 at 14:00:43 with 1 updates
completed on: 11/10/2021 at 22:00:41 with -5 updates
completed on: 12/10/2021 at 06:00:37 with 1 updates
completed on: 12/10/2021 at 14:00:40 with -2 updates
completed on: 12/10/2021 at 22:00:39 with -5 updates
completed on: 13/10/2021 at 06:00:44 with 2 updates
completed on: 13/10/2021 at 14:00:43 with 3 updates
completed on: 13/10/2021 at 22:00:42 with -5 updates
completed on: 14/10/2021 at 06:00:46 with 1 updates
completed on: 14/10/2021 at 14:00:46 with 10 updates
completed on: 14/10/2021 at 22:00:55 with -5 updates
completed on: 15/10/2021 at 14:00:51 with 26 updates
completed on: 15/10/2021 at 22:00:39 with 3 updates
completed on: 16/10/2021 at 06:00:43 with 0 updates
completed on: 16/10/2021 at 14:00:45 with 22 updates
completed on: 16/10/2021 at 22:00:42 with -2 updates
completed on: 17/10/2021 at 06:00:49 with -5 updates
completed on: 17/10/2021 at 14:00:49 with 7 updates
completed on: 17/10/2021 at 22:00:57 with -5 updates
completed on: 18/10/2021 at 06:00:53 with 2 updates
completed on: 18/10/2021 at 14:00:59 with 1 updates
completed on: 18/10/2021 at 22:00:51 with -3 updates
completed on: 19/10/2021 at 06:00:52 with -2 updates
completed on: 19/10/2021 at 14:00:46 with 0 updates
completed on: 19/10/2021 at 22:00:59 with 3 updates
completed on: 20/10/2021 at 06:00:53 with -3 updates
completed on: 20/10/2021 at 14:00:57 with 1 updates
completed on: 20/10/2021 at 22:00:52 with 1 updates
completed on: 21/10/2021 at 06:00:44 with -2 updates
completed on: 21/10/2021 at 14:00:46 with 6 updates
completed on: 21/10/2021 at 22:00:42 with -3 updates
completed on: 22/10/2021 at 06:00:39 with 4 updates
completed on: 23/10/2021 at 06:00:47 with 21 updates
completed on: 23/10/2021 at 14:00:47 with 6 updates
completed on: 23/10/2021 at 22:00:55 with 4 updates
completed on: 24/10/2021 at 14:00:48 with 26 updates
completed on: 24/10/2021 at 22:00:48 with 14 updates
completed on: 25/10/2021 at 06:00:51 with 6 updates
completed on: 25/10/2021 at 14:00:50 with 6 updates
completed on: 25/10/2021 at 22:00:56 with -3 updates
completed on: 26/10/2021 at 06:00:51 with 0 updates
completed on: 26/10/2021 at 14:00:42 with 13 updates
completed on: 26/10/2021 at 22:00:44 with 8 updates
completed on: 29/10/2021 at 06:00:56 with 16 updates
completed on: 29/10/2021 at 22:00:40 with -1 updates
completed on: 30/10/2021 at 06:00:41 with -2 updates
completed on: 30/10/2021 at 14:00:40 with 4 updates
completed on: 30/10/2021 at 22:00:38 with 1 updates
completed on: 31/10/2021 at 06:00:43 with -1 updates
completed on: 31/10/2021 at 14:00:45 with 1 updates
completed on: 31/10/2021 at 22:00:43 with -3 updates
completed on: 01/11/2021 at 06:00:46 with 2 updates
completed on: 01/11/2021 at 22:00:45 with 3 updates
completed on: 02/11/2021 at 14:00:53 with 0 updates
completed on: 03/11/2021 at 06:00:37 with -3 updates
completed on: 03/11/2021 at 22:00:41 with -2 updates
completed on: 04/11/2021 at 14:00:41 with -1 updates
completed on: 04/11/2021 at 15:00:44 with -1 updates
welp at 22: 04/11/2021 at 16:00:29
welp at 22: 04/11/2021 at 17:00:26
welp at 22: 04/11/2021 at 18:00:23
welp at 22: 04/11/2021 at 19:00:24
welp at 22: 04/11/2021 at 20:00:27
welp at 22: 04/11/2021 at 21:00:28
welp at 22: 04/11/2021 at 22:00:25
welp at 22: 04/11/2021 at 23:00:24
completed on: 05/11/2021 at 00:00:44 with -3 updates
welp at 22: 05/11/2021 at 01:00:26
completed on: 05/11/2021 at 02:00:40 with -2 updates
completed on: 05/11/2021 at 03:00:41 with -1 updates
completed on: 05/11/2021 at 04:00:42 with -3 updates
completed on: 05/11/2021 at 05:00:43 with -3 updates
completed on: 05/11/2021 at 06:00:37 with -3 updates
welp at 22: 05/11/2021 at 07:00:25
welp at 22: 05/11/2021 at 08:00:22
completed on: 05/11/2021 at 20:00:36 with -3 updates
completed on: 05/11/2021 at 21:00:48 with -3 updates
welp at 22: 05/11/2021 at 22:00:26
welp at 22: 05/11/2021 at 23:00:45
welp at 22: 06/11/2021 at 00:00:26
welp at 22: 06/11/2021 at 01:00:27
welp at 22: 06/11/2021 at 02:00:22
welp at 22: 06/11/2021 at 03:00:25
completed on: 06/11/2021 at 04:00:44 with -2 updates
completed on: 06/11/2021 at 05:00:45 with -2 updates
completed on: 06/11/2021 at 06:00:44 with -3 updates
completed on: 06/11/2021 at 07:00:38 with -3 updates
completed on: 06/11/2021 at 08:00:38 with -3 updates
completed on: 06/11/2021 at 09:00:46 with -3 updates
completed on: 06/11/2021 at 10:00:41 with -3 updates
completed on: 06/11/2021 at 11:00:43 with -3 updates
completed on: 06/11/2021 at 12:00:37 with -2 updates
completed on: 06/11/2021 at 13:00:40 with -1 updates
completed on: 06/11/2021 at 14:00:42 with -3 updates
completed on: 06/11/2021 at 15:00:45 with -2 updates
completed on: 06/11/2021 at 16:00:42 with -2 updates
completed on: 06/11/2021 at 17:00:42 with -1 updates
completed on: 06/11/2021 at 18:00:41 with -2 updates
completed on: 06/11/2021 at 19:00:47 with -3 updates
completed on: 06/11/2021 at 20:00:42 with -3 updates
completed on: 06/11/2021 at 21:00:43 with -3 updates
completed on: 06/11/2021 at 22:00:43 with -2 updates
welp at 22: 13/11/2021 at 02:00:28
completed on: 13/11/2021 at 15:00:42 with -3 updates
completed on: 13/11/2021 at 16:00:44 with -3 updates
completed on: 13/11/2021 at 17:00:45 with -2 updates
completed on: 13/11/2021 at 18:00:43 with -2 updates
completed on: 13/11/2021 at 19:00:45 with -3 updates
completed on: 13/11/2021 at 20:00:46 with -3 updates
completed on: 13/11/2021 at 21:00:46 with -3 updates
completed on: 13/11/2021 at 22:00:41 with -3 updates
completed on: 13/11/2021 at 23:00:43 with 2 updates
completed on: 14/11/2021 at 00:00:50 with 5 updates
completed on: 14/11/2021 at 01:00:46 with 2 updates
completed on: 14/11/2021 at 02:00:43 with 2 updates
completed on: 14/11/2021 at 03:00:51 with -3 updates
completed on: 14/11/2021 at 04:00:47 with -3 updates
completed on: 14/11/2021 at 05:00:41 with -3 updates
completed on: 14/11/2021 at 06:00:43 with -3 updates
completed on: 14/11/2021 at 07:00:40 with -3 updates
completed on: 14/11/2021 at 08:00:42 with -3 updates
completed on: 14/11/2021 at 09:00:44 with -3 updates
completed on: 14/11/2021 at 11:00:49 with 0 updates
completed on: 14/11/2021 at 12:00:47 with 0 updates
completed on: 14/11/2021 at 13:00:49 with 0 updates
completed on: 14/11/2021 at 14:00:43 with 0 updates
completed on: 14/11/2021 at 15:00:45 with 1 updates
completed on: 14/11/2021 at 16:00:40 with 2 updates
completed on: 14/11/2021 at 17:00:38 with 1 updates
completed on: 14/11/2021 at 18:00:36 with 1 updates
completed on: 14/11/2021 at 19:00:38 with 0 updates
completed on: 14/11/2021 at 20:00:49 with 0 updates
completed on: 14/11/2021 at 21:00:45 with 1 updates
completed on: 14/11/2021 at 22:00:43 with 1 updates
completed on: 14/11/2021 at 23:00:35 with 0 updates
completed on: 15/11/2021 at 00:00:35 with 3 updates
completed on: 15/11/2021 at 01:00:35 with 3 updates
completed on: 15/11/2021 at 02:00:37 with 5 updates
completed on: 15/11/2021 at 03:00:41 with 4 updates
completed on: 15/11/2021 at 04:00:40 with 2 updates
completed on: 15/11/2021 at 05:00:46 with 0 updates
completed on: 15/11/2021 at 06:00:44 with 0 updates
completed on: 15/11/2021 at 07:00:34 with 0 updates
completed on: 15/11/2021 at 08:00:47 with 0 updates
completed on: 15/11/2021 at 09:00:43 with 0 updates
completed on: 15/11/2021 at 10:00:46 with 0 updates
completed on: 15/11/2021 at 11:00:52 with 0 updates
completed on: 15/11/2021 at 12:00:39 with 0 updates
completed on: 15/11/2021 at 13:00:45 with 1 updates
completed on: 15/11/2021 at 14:00:38 with 1 updates
completed on: 15/11/2021 at 15:00:36 with 0 updates
completed on: 15/11/2021 at 16:00:48 with 0 updates
completed on: 15/11/2021 at 17:00:41 with 3 updates
completed on: 15/11/2021 at 18:00:43 with 1 updates
completed on: 15/11/2021 at 19:00:42 with 0 updates
completed on: 15/11/2021 at 20:00:41 with 2 updates
completed on: 15/11/2021 at 21:00:43 with 8 updates
completed on: 15/11/2021 at 22:00:49 with 5 updates
completed on: 15/11/2021 at 23:00:49 with 6 updates
completed on: 16/11/2021 at 00:00:48 with 4 updates
completed on: 16/11/2021 at 01:00:57 with 1 updates
completed on: 16/11/2021 at 02:00:35 with 2 updates
completed on: 17/11/2021 at 11:00:55 with 0 updates
completed on: 17/11/2021 at 12:00:58 with 0 updates
completed on: 17/11/2021 at 13:01:00 with 0 updates
completed on: 17/11/2021 at 14:00:58 with 0 updates
completed on: 17/11/2021 at 15:00:59 with 0 updates
completed on: 17/11/2021 at 16:01:02 with 0 updates
completed on: 17/11/2021 at 17:00:49 with 0 updates
completed on: 17/11/2021 at 18:00:42 with 5 updates
completed on: 17/11/2021 at 19:00:46 with 0 updates
completed on: 17/11/2021 at 20:00:47 with 0 updates
completed on: 17/11/2021 at 21:00:55 with 0 updates
completed on: 17/11/2021 at 22:00:54 with 1 updates
completed on: 17/11/2021 at 23:00:55 with 1 updates
completed on: 18/11/2021 at 00:01:00 with 0 updates
completed on: 18/11/2021 at 01:00:49 with 0 updates
completed on: 18/11/2021 at 02:00:50 with 0 updates
completed on: 18/11/2021 at 03:00:48 with 2 updates
completed on: 18/11/2021 at 04:00:50 with 0 updates
completed on: 18/11/2021 at 05:00:51 with 0 updates
completed on: 18/11/2021 at 06:00:46 with 0 updates
completed on: 18/11/2021 at 07:00:51 with 0 updates
completed on: 18/11/2021 at 08:01:02 with 0 updates
completed on: 18/11/2021 at 09:00:47 with 0 updates
completed on: 18/11/2021 at 10:00:59 with 0 updates
completed on: 18/11/2021 at 11:00:57 with 0 updates
completed on: 18/11/2021 at 12:00:59 with 0 updates
completed on: 18/11/2021 at 13:00:59 with 0 updates
completed on: 18/11/2021 at 14:01:12 with 0 updates
completed on: 18/11/2021 at 15:00:59 with 0 updates
completed on: 18/11/2021 at 16:00:56 with 0 updates
completed on: 18/11/2021 at 17:00:59 with 3 updates
completed on: 18/11/2021 at 18:00:57 with 2 updates
completed on: 18/11/2021 at 19:00:59 with 2 updates
completed on: 18/11/2021 at 20:00:55 with 0 updates
completed on: 18/11/2021 at 21:00:51 with 0 updates
completed on: 18/11/2021 at 22:00:50 with 0 updates
completed on: 18/11/2021 at 23:00:47 with 0 updates
completed on: 19/11/2021 at 00:00:53 with 1 updates
completed on: 19/11/2021 at 01:00:55 with 1 updates
completed on: 19/11/2021 at 02:00:59 with 2 updates
completed on: 19/11/2021 at 03:00:47 with 2 updates
completed on: 19/11/2021 at 04:01:02 with 1 updates
completed on: 19/11/2021 at 05:00:47 with 0 updates
completed on: 19/11/2021 at 06:00:49 with 0 updates
completed on: 19/11/2021 at 07:00:45 with 0 updates
completed on: 19/11/2021 at 08:00:50 with 0 updates
completed on: 19/11/2021 at 09:00:53 with 0 updates
completed on: 19/11/2021 at 10:00:54 with 0 updates
completed on: 19/11/2021 at 11:00:51 with 0 updates
completed on: 19/11/2021 at 12:00:49 with 0 updates
completed on: 19/11/2021 at 13:00:53 with 0 updates
completed on: 19/11/2021 at 14:00:49 with 0 updates
completed on: 19/11/2021 at 15:00:59 with 0 updates
completed on: 19/11/2021 at 16:00:59 with 0 updates
completed on: 19/11/2021 at 17:00:54 with 1 updates
completed on: 19/11/2021 at 18:00:59 with 1 updates
completed on: 19/11/2021 at 19:01:02 with 0 updates
completed on: 19/11/2021 at 20:00:59 with 0 updates
completed on: 19/11/2021 at 21:00:58 with 0 updates
completed on: 19/11/2021 at 22:00:56 with 0 updates
completed on: 19/11/2021 at 23:00:59 with 0 updates
completed on: 20/11/2021 at 00:01:08 with 5 updates
completed on: 20/11/2021 at 01:01:04 with 0 updates
completed on: 20/11/2021 at 02:00:55 with 2 updates
completed on: 20/11/2021 at 03:00:57 with 1 updates
completed on: 20/11/2021 at 04:00:57 with 1 updates
completed on: 20/11/2021 at 05:00:51 with 1 updates
completed on: 20/11/2021 at 06:00:59 with 0 updates
completed on: 20/11/2021 at 07:00:54 with 0 updates
completed on: 20/11/2021 at 08:00:57 with 0 updates
completed on: 20/11/2021 at 09:00:50 with 0 updates
completed on: 20/11/2021 at 10:00:53 with 0 updates
completed on: 20/11/2021 at 11:00:53 with 0 updates
completed on: 20/11/2021 at 12:01:06 with 0 updates
completed on: 20/11/2021 at 13:01:01 with 0 updates
completed on: 20/11/2021 at 14:00:59 with 0 updates
completed on: 20/11/2021 at 15:01:02 with 0 updates
completed on: 20/11/2021 at 16:01:00 with 0 updates
completed on: 20/11/2021 at 17:01:16 with 0 updates
completed on: 20/11/2021 at 18:00:54 with 0 updates
completed on: 20/11/2021 at 19:00:57 with 0 updates
completed on: 20/11/2021 at 20:01:02 with 1 updates
completed on: 20/11/2021 at 21:00:49 with 0 updates
completed on: 20/11/2021 at 22:00:46 with 2 updates
completed on: 20/11/2021 at 23:00:48 with 1 updates
completed on: 21/11/2021 at 00:01:03 with 1 updates
completed on: 21/11/2021 at 01:01:09 with 0 updates
completed on: 21/11/2021 at 02:00:51 with 0 updates
completed on: 21/11/2021 at 03:00:54 with 0 updates
completed on: 21/11/2021 at 04:00:53 with 0 updates
completed on: 21/11/2021 at 05:01:01 with 0 updates
completed on: 21/11/2021 at 06:00:51 with 0 updates
completed on: 21/11/2021 at 07:00:57 with 0 updates
completed on: 21/11/2021 at 08:00:48 with 0 updates
completed on: 21/11/2021 at 09:00:55 with 0 updates
completed on: 21/11/2021 at 10:00:55 with 0 updates
completed on: 21/11/2021 at 11:01:04 with 0 updates
completed on: 21/11/2021 at 12:00:59 with 0 updates
completed on: 21/11/2021 at 13:01:00 with 0 updates
completed on: 21/11/2021 at 14:00:58 with 0 updates
completed on: 21/11/2021 at 15:01:08 with 0 updates
completed on: 21/11/2021 at 16:00:58 with 0 updates
completed on: 21/11/2021 at 17:01:02 with 0 updates
completed on: 21/11/2021 at 18:00:56 with 0 updates
completed on: 21/11/2021 at 19:00:59 with 0 updates
completed on: 21/11/2021 at 20:00:55 with 1 updates
completed on: 21/11/2021 at 21:00:55 with 1 updates
completed on: 21/11/2021 at 22:00:56 with 1 updates
completed on: 21/11/2021 at 23:00:47 with 0 updates
completed on: 22/11/2021 at 00:00:57 with 2 updates
completed on: 22/11/2021 at 01:00:58 with 2 updates
completed on: 22/11/2021 at 02:00:51 with 1 updates
completed on: 22/11/2021 at 03:00:52 with 0 updates
completed on: 22/11/2021 at 04:00:56 with 0 updates
completed on: 22/11/2021 at 05:00:59 with 0 updates
completed on: 22/11/2021 at 06:01:01 with 0 updates
completed on: 22/11/2021 at 07:00:59 with 0 updates
completed on: 22/11/2021 at 08:01:03 with 0 updates
completed on: 22/11/2021 at 09:01:00 with 0 updates
completed on: 22/11/2021 at 10:01:04 with 0 updates
completed on: 22/11/2021 at 11:01:01 with 1 updates
completed on: 22/11/2021 at 12:01:01 with 0 updates
completed on: 22/11/2021 at 13:01:04 with 0 updates
completed on: 22/11/2021 at 14:01:22 with 0 updates
completed on: 22/11/2021 at 15:00:59 with 0 updates
completed on: 22/11/2021 at 16:01:01 with 0 updates
completed on: 22/11/2021 at 17:01:00 with 0 updates
completed on: 22/11/2021 at 18:01:27 with 2 updates
completed on: 22/11/2021 at 20:00:54 with 0 updates
completed on: 22/11/2021 at 21:01:05 with 0 updates
completed on: 22/11/2021 at 22:00:55 with 2 updates
completed on: 22/11/2021 at 23:00:57 with 6 updates
completed on: 23/11/2021 at 00:00:59 with 6 updates
completed on: 23/11/2021 at 01:00:58 with 4 updates
completed on: 23/11/2021 at 02:00:56 with 0 updates
completed on: 23/11/2021 at 03:01:07 with 0 updates
completed on: 23/11/2021 at 04:00:58 with 0 updates
completed on: 23/11/2021 at 05:01:01 with 0 updates
completed on: 23/11/2021 at 06:00:59 with 0 updates
completed on: 23/11/2021 at 07:00:58 with 0 updates
completed on: 23/11/2021 at 08:00:43 with 0 updates
completed on: 23/11/2021 at 09:01:18 with 0 updates
completed on: 23/11/2021 at 10:01:00 with 0 updates
completed on: 23/11/2021 at 11:00:59 with 0 updates
completed on: 23/11/2021 at 12:01:00 with 0 updates
completed on: 23/11/2021 at 13:01:06 with 0 updates
completed on: 23/11/2021 at 14:01:00 with 0 updates
completed on: 23/11/2021 at 15:00:58 with 0 updates
completed on: 23/11/2021 at 16:00:58 with 1 updates
completed on: 23/11/2021 at 17:00:58 with 1 updates
completed on: 23/11/2021 at 18:01:01 with 1 updates
completed on: 23/11/2021 at 19:00:58 with 2 updates
completed on: 23/11/2021 at 20:01:09 with 0 updates
completed on: 23/11/2021 at 21:00:54 with 1 updates
completed on: 23/11/2021 at 22:00:58 with 1 updates
completed on: 23/11/2021 at 23:00:57 with 1 updates
completed on: 24/11/2021 at 00:00:46 with 1 updates
completed on: 24/11/2021 at 01:00:56 with 1 updates
completed on: 24/11/2021 at 02:00:48 with 9 updates
completed on: 24/11/2021 at 03:00:56 with 2 updates
completed on: 24/11/2021 at 04:01:01 with 0 updates
completed on: 24/11/2021 at 05:00:58 with 0 updates
completed on: 24/11/2021 at 06:00:57 with 0 updates
completed on: 24/11/2021 at 07:00:55 with 0 updates
completed on: 24/11/2021 at 08:01:00 with 0 updates
completed on: 24/11/2021 at 09:00:59 with 1 updates
completed on: 24/11/2021 at 10:01:00 with 1 updates
completed on: 24/11/2021 at 11:01:00 with 0 updates
completed on: 24/11/2021 at 12:01:02 with 0 updates
completed on: 24/11/2021 at 13:00:58 with 0 updates
completed on: 24/11/2021 at 14:01:17 with 0 updates
completed on: 24/11/2021 at 15:01:05 with 0 updates
completed on: 24/11/2021 at 16:00:59 with 0 updates
completed on: 24/11/2021 at 17:01:00 with 1 updates
completed on: 24/11/2021 at 18:01:01 with 0 updates
completed on: 24/11/2021 at 19:01:01 with 0 updates
completed on: 24/11/2021 at 20:01:14 with 0 updates
completed on: 24/11/2021 at 21:01:03 with 0 updates
completed on: 24/11/2021 at 22:01:04 with 0 updates
completed on: 24/11/2021 at 23:00:46 with 0 updates
completed on: 25/11/2021 at 00:01:04 with 0 updates
completed on: 25/11/2021 at 01:00:57 with 0 updates
completed on: 25/11/2021 at 02:01:08 with 0 updates
completed on: 25/11/2021 at 03:00:56 with 0 updates
completed on: 25/11/2021 at 04:00:52 with 0 updates
completed on: 25/11/2021 at 05:01:02 with 0 updates
completed on: 25/11/2021 at 06:01:07 with 0 updates
completed on: 25/11/2021 at 08:01:03 with 0 updates
completed on: 25/11/2021 at 09:01:00 with 0 updates
completed on: 25/11/2021 at 10:01:00 with 0 updates
completed on: 25/11/2021 at 11:01:00 with 0 updates
completed on: 25/11/2021 at 12:01:06 with 0 updates
completed on: 25/11/2021 at 13:01:18 with 0 updates
completed on: 25/11/2021 at 14:01:15 with 0 updates
completed on: 25/11/2021 at 15:01:02 with 0 updates
completed on: 25/11/2021 at 16:01:02 with 0 updates
completed on: 25/11/2021 at 17:01:02 with 0 updates
completed on: 25/11/2021 at 18:01:11 with 0 updates
completed on: 25/11/2021 at 19:00:58 with 0 updates
completed on: 25/11/2021 at 20:01:07 with 0 updates
completed on: 25/11/2021 at 21:01:02 with 0 updates
completed on: 25/11/2021 at 22:00:58 with 0 updates
completed on: 25/11/2021 at 23:01:02 with 1 updates
completed on: 26/11/2021 at 00:01:00 with 2 updates
completed on: 26/11/2021 at 01:01:01 with 0 updates
completed on: 26/11/2021 at 02:01:01 with 0 updates
completed on: 26/11/2021 at 03:00:59 with 0 updates
completed on: 26/11/2021 at 04:00:57 with 0 updates
completed on: 26/11/2021 at 05:00:55 with 0 updates
completed on: 26/11/2021 at 06:01:04 with 0 updates
completed on: 26/11/2021 at 07:00:59 with 0 updates
completed on: 26/11/2021 at 08:00:59 with 0 updates
completed on: 26/11/2021 at 09:01:05 with 0 updates
completed on: 26/11/2021 at 10:00:59 with 0 updates
completed on: 26/11/2021 at 11:01:02 with 0 updates
completed on: 26/11/2021 at 12:00:58 with 0 updates
completed on: 26/11/2021 at 14:01:01 with 0 updates
completed on: 26/11/2021 at 15:00:59 with 0 updates
completed on: 26/11/2021 at 16:01:06 with 1 updates
completed on: 26/11/2021 at 17:01:12 with 1 updates
completed on: 26/11/2021 at 18:01:03 with 0 updates
completed on: 26/11/2021 at 19:01:01 with 0 updates
completed on: 26/11/2021 at 20:01:13 with 0 updates
completed on: 26/11/2021 at 21:00:58 with 0 updates
completed on: 26/11/2021 at 22:01:16 with 0 updates
completed on: 26/11/2021 at 23:01:00 with 1 updates
completed on: 27/11/2021 at 00:00:59 with 1 updates
completed on: 27/11/2021 at 01:01:01 with 1 updates
completed on: 27/11/2021 at 02:01:12 with 0 updates
completed on: 27/11/2021 at 03:01:05 with 0 updates
completed on: 27/11/2021 at 04:01:03 with 0 updates
completed on: 27/11/2021 at 05:01:01 with 0 updates
completed on: 27/11/2021 at 06:01:03 with 0 updates
completed on: 27/11/2021 at 07:01:01 with 0 updates
completed on: 27/11/2021 at 08:01:03 with 0 updates
completed on: 27/11/2021 at 09:01:00 with 0 updates
completed on: 27/11/2021 at 10:01:00 with 0 updates
completed on: 27/11/2021 at 11:01:01 with 0 updates
completed on: 27/11/2021 at 12:01:10 with 0 updates
completed on: 27/11/2021 at 13:01:12 with 1 updates
completed on: 27/11/2021 at 14:01:01 with 0 updates
completed on: 27/11/2021 at 15:00:58 with 0 updates
completed on: 27/11/2021 at 16:00:55 with 0 updates
completed on: 27/11/2021 at 17:00:51 with 1 updates
completed on: 27/11/2021 at 18:01:00 with 1 updates
completed on: 27/11/2021 at 19:01:02 with 0 updates
completed on: 27/11/2021 at 20:01:03 with 0 updates
completed on: 27/11/2021 at 21:00:51 with 0 updates
completed on: 27/11/2021 at 22:00:54 with 0 updates
completed on: 27/11/2021 at 23:00:53 with 1 updates
completed on: 28/11/2021 at 00:00:54 with 0 updates
completed on: 28/11/2021 at 01:00:53 with 0 updates
completed on: 28/11/2021 at 02:00:46 with 0 updates
completed on: 28/11/2021 at 03:00:43 with 0 updates
completed on: 28/11/2021 at 04:00:36 with 0 updates
completed on: 28/11/2021 at 05:00:37 with 0 updates
completed on: 28/11/2021 at 06:00:40 with 0 updates
completed on: 28/11/2021 at 07:00:49 with 0 updates
completed on: 28/11/2021 at 08:00:49 with 0 updates
completed on: 28/11/2021 at 09:01:07 with 0 updates
completed on: 28/11/2021 at 10:00:53 with 0 updates
completed on: 28/11/2021 at 11:00:56 with 0 updates
completed on: 28/11/2021 at 12:00:59 with 0 updates
completed on: 28/11/2021 at 13:01:01 with 0 updates
completed on: 28/11/2021 at 14:00:59 with 0 updates
completed on: 28/11/2021 at 15:01:00 with 0 updates
completed on: 28/11/2021 at 16:01:00 with 0 updates
completed on: 28/11/2021 at 17:01:07 with 0 updates
completed on: 28/11/2021 at 18:00:58 with 0 updates
completed on: 28/11/2021 at 19:00:59 with 0 updates
completed on: 28/11/2021 at 20:01:07 with 0 updates
completed on: 28/11/2021 at 21:01:01 with 0 updates
completed on: 28/11/2021 at 22:01:08 with 2 updates
completed on: 28/11/2021 at 23:00:57 with 5 updates
completed on: 29/11/2021 at 00:01:00 with 4 updates
completed on: 29/11/2021 at 01:01:05 with 8 updates
completed on: 29/11/2021 at 02:00:59 with 0 updates
completed on: 29/11/2021 at 03:01:10 with 0 updates
completed on: 29/11/2021 at 04:01:00 with 0 updates
completed on: 29/11/2021 at 05:01:02 with 0 updates
completed on: 29/11/2021 at 06:01:01 with 0 updates
completed on: 29/11/2021 at 07:01:13 with 0 updates
completed on: 29/11/2021 at 08:01:07 with 0 updates
completed on: 29/11/2021 at 09:01:10 with 0 updates
completed on: 29/11/2021 at 10:01:00 with 0 updates
completed on: 29/11/2021 at 11:01:06 with 2 updates
completed on: 29/11/2021 at 12:01:17 with 1 updates
completed on: 29/11/2021 at 13:01:12 with 0 updates
completed on: 29/11/2021 at 14:01:08 with 0 updates
completed on: 29/11/2021 at 15:01:15 with 0 updates
completed on: 29/11/2021 at 16:01:13 with 0 updates
completed on: 29/11/2021 at 17:01:06 with 0 updates
completed on: 29/11/2021 at 18:01:15 with 0 updates
completed on: 29/11/2021 at 19:01:05 with 2 updates
completed on: 29/11/2021 at 20:01:05 with 1 updates
completed on: 29/11/2021 at 21:01:05 with 0 updates
completed on: 29/11/2021 at 22:00:59 with 1 updates
completed on: 29/11/2021 at 23:00:58 with 0 updates
completed on: 30/11/2021 at 00:01:12 with 4 updates
completed on: 30/11/2021 at 01:01:09 with 4 updates
completed on: 30/11/2021 at 02:01:18 with 0 updates
completed on: 30/11/2021 at 04:00:59 with 0 updates
completed on: 30/11/2021 at 05:01:05 with 0 updates
completed on: 30/11/2021 at 06:01:18 with 0 updates
completed on: 30/11/2021 at 07:01:04 with 0 updates
completed on: 30/11/2021 at 08:01:09 with 0 updates
completed on: 30/11/2021 at 09:01:11 with 0 updates
completed on: 30/11/2021 at 10:01:12 with 0 updates
completed on: 30/11/2021 at 11:01:17 with 1 updates
completed on: 30/11/2021 at 15:01:10 with 5 updates
completed on: 30/11/2021 at 16:00:59 with 2 updates
completed on: 30/11/2021 at 17:01:04 with 3 updates
completed on: 30/11/2021 at 18:00:53 with 1 updates
completed on: 30/11/2021 at 19:01:08 with 0 updates
completed on: 30/11/2021 at 20:01:13 with 0 updates
completed on: 30/11/2021 at 21:01:04 with 1 updates
completed on: 30/11/2021 at 22:00:57 with 1 updates
completed on: 30/11/2021 at 23:01:28 with 2 updates
completed on: 01/12/2021 at 00:01:09 with 6 updates
completed on: 01/12/2021 at 01:00:56 with 4 updates
completed on: 01/12/2021 at 02:00:57 with 0 updates
completed on: 01/12/2021 at 03:01:39 with 0 updates
completed on: 01/12/2021 at 04:01:05 with 0 updates
completed on: 01/12/2021 at 05:01:32 with 0 updates
completed on: 01/12/2021 at 06:01:16 with 0 updates
completed on: 01/12/2021 at 07:01:09 with 0 updates
completed on: 01/12/2021 at 08:01:36 with 0 updates
completed on: 01/12/2021 at 09:01:12 with 0 updates
completed on: 01/12/2021 at 10:00:55 with 0 updates
completed on: 01/12/2021 at 11:00:55 with 0 updates
completed on: 01/12/2021 at 12:01:00 with 0 updates
completed on: 01/12/2021 at 13:01:09 with 0 updates
completed on: 01/12/2021 at 14:00:58 with 2 updates
completed on: 01/12/2021 at 15:01:02 with 0 updates
completed on: 01/12/2021 at 16:01:01 with 0 updates
completed on: 01/12/2021 at 17:00:57 with 1 updates
completed on: 01/12/2021 at 18:00:50 with 1 updates
completed on: 01/12/2021 at 19:00:48 with 1 updates
completed on: 01/12/2021 at 20:00:54 with 0 updates
completed on: 01/12/2021 at 21:01:02 with 0 updates
completed on: 01/12/2021 at 22:00:58 with 1 updates
completed on: 01/12/2021 at 23:00:59 with 1 updates
completed on: 02/12/2021 at 00:01:10 with 2 updates
completed on: 02/12/2021 at 01:01:11 with 1 updates
completed on: 02/12/2021 at 02:01:01 with 0 updates
completed on: 02/12/2021 at 03:01:04 with 0 updates
completed on: 02/12/2021 at 04:01:05 with 0 updates
completed on: 02/12/2021 at 05:01:06 with 0 updates
completed on: 02/12/2021 at 06:01:03 with 0 updates
completed on: 02/12/2021 at 07:00:49 with 0 updates
completed on: 02/12/2021 at 08:00:54 with 0 updates
completed on: 02/12/2021 at 09:00:52 with 0 updates
completed on: 02/12/2021 at 10:00:59 with 0 updates
completed on: 02/12/2021 at 11:00:54 with 1 updates
completed on: 02/12/2021 at 12:01:01 with 2 updates
completed on: 02/12/2021 at 13:00:46 with 1 updates
completed on: 02/12/2021 at 14:01:04 with 2 updates
completed on: 02/12/2021 at 15:00:58 with 0 updates
completed on: 02/12/2021 at 16:00:59 with 0 updates
completed on: 02/12/2021 at 17:00:54 with 6 updates
completed on: 02/12/2021 at 18:01:03 with 0 updates
completed on: 02/12/2021 at 19:00:55 with 1 updates
completed on: 02/12/2021 at 20:00:55 with 0 updates
completed on: 02/12/2021 at 21:01:11 with 0 updates
completed on: 02/12/2021 at 22:00:50 with 0 updates
completed on: 02/12/2021 at 23:00:55 with 4 updates
completed on: 03/12/2021 at 00:00:50 with 0 updates
completed on: 03/12/2021 at 01:00:51 with 0 updates
completed on: 03/12/2021 at 02:00:51 with 0 updates
completed on: 03/12/2021 at 03:00:55 with 0 updates
completed on: 03/12/2021 at 04:00:56 with 0 updates
completed on: 03/12/2021 at 05:00:47 with 0 updates
completed on: 03/12/2021 at 06:00:41 with 0 updates
completed on: 03/12/2021 at 07:00:51 with 0 updates
completed on: 03/12/2021 at 08:00:53 with 0 updates
completed on: 03/12/2021 at 09:00:54 with 0 updates
completed on: 03/12/2021 at 10:00:54 with 0 updates
completed on: 03/12/2021 at 11:00:54 with 0 updates
completed on: 03/12/2021 at 12:00:47 with 0 updates
completed on: 03/12/2021 at 13:00:46 with 1 updates
completed on: 03/12/2021 at 14:00:57 with 0 updates
completed on: 03/12/2021 at 15:00:53 with 0 updates
completed on: 03/12/2021 at 16:00:52 with 0 updates
completed on: 03/12/2021 at 17:00:56 with 1 updates
completed on: 03/12/2021 at 18:01:19 with 0 updates
completed on: 03/12/2021 at 19:01:02 with 0 updates
completed on: 03/12/2021 at 20:00:56 with 1 updates
completed on: 03/12/2021 at 21:01:13 with 0 updates
completed on: 03/12/2021 at 22:00:56 with 0 updates
completed on: 03/12/2021 at 23:00:52 with 0 updates
completed on: 04/12/2021 at 00:00:47 with 0 updates
completed on: 04/12/2021 at 01:01:05 with 4 updates
completed on: 04/12/2021 at 02:01:01 with 6 updates
completed on: 04/12/2021 at 03:00:51 with 0 updates
completed on: 04/12/2021 at 04:00:50 with 0 updates
completed on: 04/12/2021 at 05:00:50 with 0 updates
completed on: 04/12/2021 at 06:00:49 with 0 updates
completed on: 04/12/2021 at 07:00:51 with 0 updates
completed on: 04/12/2021 at 08:00:47 with 0 updates
completed on: 04/12/2021 at 09:00:58 with 0 updates
completed on: 04/12/2021 at 10:00:53 with 0 updates
completed on: 04/12/2021 at 11:01:00 with 0 updates
completed on: 04/12/2021 at 12:01:00 with 0 updates
completed on: 04/12/2021 at 13:01:03 with 0 updates
completed on: 04/12/2021 at 14:01:27 with 0 updates
completed on: 04/12/2021 at 15:01:10 with 0 updates
completed on: 04/12/2021 at 16:01:02 with 2 updates
completed on: 04/12/2021 at 17:01:08 with 0 updates
completed on: 04/12/2021 at 18:01:23 with 1 updates
completed on: 04/12/2021 at 19:01:04 with 0 updates
completed on: 04/12/2021 at 20:00:59 with 1 updates
completed on: 04/12/2021 at 21:01:56 with 1 updates
completed on: 04/12/2021 at 22:01:27 with 2 updates
completed on: 04/12/2021 at 23:01:00 with 2 updates
completed on: 05/12/2021 at 00:00:57 with 0 updates
completed on: 05/12/2021 at 01:00:53 with 3 updates
completed on: 05/12/2021 at 02:01:06 with 7 updates
completed on: 05/12/2021 at 03:01:17 with 2 updates
completed on: 05/12/2021 at 04:01:06 with 0 updates
completed on: 05/12/2021 at 05:01:11 with 0 updates
completed on: 05/12/2021 at 06:00:59 with 0 updates
completed on: 05/12/2021 at 07:01:01 with 0 updates
completed on: 05/12/2021 at 08:00:59 with 0 updates
completed on: 05/12/2021 at 09:01:03 with 0 updates
completed on: 05/12/2021 at 10:01:03 with 0 updates
completed on: 05/12/2021 at 11:01:02 with 0 updates
completed on: 05/12/2021 at 12:01:00 with 0 updates
completed on: 05/12/2021 at 13:01:03 with 0 updates
completed on: 05/12/2021 at 14:01:00 with 0 updates
completed on: 05/12/2021 at 15:01:00 with 0 updates
completed on: 05/12/2021 at 16:01:01 with 2 updates
completed on: 05/12/2021 at 17:00:59 with 1 updates
completed on: 05/12/2021 at 18:00:58 with 1 updates
completed on: 05/12/2021 at 19:00:59 with 2 updates
completed on: 05/12/2021 at 20:01:01 with 1 updates
completed on: 05/12/2021 at 21:00:52 with 0 updates
completed on: 05/12/2021 at 22:00:50 with 1 updates
completed on: 05/12/2021 at 23:00:55 with 0 updates
completed on: 06/12/2021 at 00:00:55 with 1 updates
completed on: 06/12/2021 at 01:00:59 with 2 updates
completed on: 06/12/2021 at 02:01:11 with 0 updates
completed on: 06/12/2021 at 03:01:01 with 0 updates
completed on: 06/12/2021 at 04:01:08 with 0 updates
completed on: 06/12/2021 at 05:01:23 with 0 updates
completed on: 06/12/2021 at 06:01:10 with 0 updates
completed on: 06/12/2021 at 07:01:02 with 0 updates
completed on: 06/12/2021 at 08:01:22 with 0 updates
completed on: 06/12/2021 at 09:01:55 with 0 updates
completed on: 06/12/2021 at 10:00:53 with 0 updates
completed on: 06/12/2021 at 11:01:05 with 0 updates
completed on: 06/12/2021 at 12:01:17 with 1 updates
completed on: 06/12/2021 at 13:01:18 with 0 updates
completed on: 06/12/2021 at 15:01:03 with 0 updates
completed on: 06/12/2021 at 16:01:10 with 0 updates
completed on: 06/12/2021 at 17:00:59 with 0 updates
completed on: 06/12/2021 at 18:01:03 with 0 updates
completed on: 06/12/2021 at 19:00:58 with 2 updates
completed on: 06/12/2021 at 20:01:05 with 1 updates
completed on: 06/12/2021 at 21:00:59 with 0 updates
completed on: 06/12/2021 at 22:00:54 with 0 updates
completed on: 06/12/2021 at 23:00:52 with 0 updates
completed on: 07/12/2021 at 00:00:51 with 2 updates
completed on: 07/12/2021 at 01:00:51 with 1 updates
completed on: 07/12/2021 at 02:01:04 with 1 updates
completed on: 07/12/2021 at 03:00:53 with 0 updates
completed on: 07/12/2021 at 04:01:08 with 0 updates
completed on: 07/12/2021 at 05:00:53 with 0 updates
completed on: 07/12/2021 at 06:01:04 with 0 updates
completed on: 07/12/2021 at 07:00:53 with 0 updates
completed on: 07/12/2021 at 08:01:07 with 0 updates
completed on: 07/12/2021 at 09:01:17 with 0 updates
completed on: 07/12/2021 at 10:00:51 with 0 updates
completed on: 07/12/2021 at 11:01:06 with 0 updates
completed on: 07/12/2021 at 12:00:59 with 0 updates
completed on: 07/12/2021 at 13:01:32 with 2 updates
completed on: 07/12/2021 at 14:00:58 with 2 updates
completed on: 07/12/2021 at 15:01:12 with 0 updates
completed on: 07/12/2021 at 16:00:47 with 0 updates
completed on: 07/12/2021 at 17:00:50 with 0 updates
completed on: 07/12/2021 at 18:01:00 with 0 updates
completed on: 07/12/2021 at 19:00:54 with 2 updates
completed on: 07/12/2021 at 20:01:40 with 1 updates
completed on: 07/12/2021 at 21:01:09 with 0 updates
completed on: 07/12/2021 at 22:01:11 with 1 updates
completed on: 07/12/2021 at 23:01:02 with 1 updates
completed on: 08/12/2021 at 00:01:06 with 0 updates
completed on: 08/12/2021 at 01:01:10 with 1 updates
completed on: 08/12/2021 at 02:01:16 with 0 updates
completed on: 08/12/2021 at 03:01:00 with 4 updates
completed on: 08/12/2021 at 04:01:00 with 0 updates
completed on: 08/12/2021 at 05:00:55 with 0 updates
completed on: 08/12/2021 at 06:00:57 with 0 updates
completed on: 08/12/2021 at 07:01:02 with 0 updates
completed on: 08/12/2021 at 08:01:04 with 0 updates
completed on: 08/12/2021 at 09:00:59 with 0 updates
completed on: 08/12/2021 at 10:00:56 with 0 updates
completed on: 08/12/2021 at 11:00:58 with 0 updates
completed on: 08/12/2021 at 12:01:00 with 0 updates
completed on: 08/12/2021 at 13:01:01 with 0 updates
completed on: 08/12/2021 at 14:01:01 with 0 updates
completed on: 08/12/2021 at 15:01:00 with 0 updates
completed on: 08/12/2021 at 16:01:08 with 0 updates
completed on: 08/12/2021 at 17:01:02 with 0 updates
completed on: 08/12/2021 at 18:01:02 with 0 updates
completed on: 08/12/2021 at 19:01:11 with 0 updates
completed on: 08/12/2021 at 20:01:02 with 0 updates
completed on: 08/12/2021 at 21:00:59 with 0 updates
completed on: 08/12/2021 at 22:00:59 with 2 updates
completed on: 08/12/2021 at 23:00:59 with 0 updates
completed on: 09/12/2021 at 00:01:08 with 1 updates
completed on: 09/12/2021 at 01:01:24 with 0 updates
completed on: 09/12/2021 at 02:01:06 with 0 updates
completed on: 09/12/2021 at 03:01:03 with 0 updates
completed on: 09/12/2021 at 04:01:10 with 0 updates
completed on: 09/12/2021 at 05:01:06 with 0 updates
completed on: 09/12/2021 at 07:01:16 with 0 updates
completed on: 09/12/2021 at 08:01:03 with 0 updates
completed on: 09/12/2021 at 09:01:32 with 0 updates
completed on: 09/12/2021 at 10:01:02 with 0 updates
completed on: 09/12/2021 at 11:01:00 with 0 updates
completed on: 09/12/2021 at 13:01:09 with 0 updates
completed on: 09/12/2021 at 14:01:19 with 0 updates
completed on: 09/12/2021 at 15:01:09 with 0 updates
completed on: 09/12/2021 at 16:01:01 with 0 updates
completed on: 09/12/2021 at 17:01:07 with 9 updates
completed on: 09/12/2021 at 18:01:00 with 3 updates
completed on: 09/12/2021 at 19:01:03 with 0 updates
completed on: 09/12/2021 at 20:01:01 with 0 updates
completed on: 09/12/2021 at 21:00:58 with 1 updates
completed on: 09/12/2021 at 22:00:58 with 2 updates
completed on: 09/12/2021 at 23:00:59 with 2 updates
completed on: 10/12/2021 at 00:00:48 with 2 updates
completed on: 10/12/2021 at 01:00:57 with 4 updates
completed on: 10/12/2021 at 02:00:52 with 5 updates
completed on: 10/12/2021 at 03:01:10 with 6 updates
completed on: 10/12/2021 at 04:00:52 with 0 updates
completed on: 10/12/2021 at 05:01:01 with 0 updates
completed on: 10/12/2021 at 06:00:59 with 0 updates
completed on: 10/12/2021 at 07:01:05 with 0 updates
completed on: 10/12/2021 at 08:00:56 with 0 updates
completed on: 10/12/2021 at 09:00:58 with 0 updates
completed on: 10/12/2021 at 10:01:02 with 0 updates
completed on: 10/12/2021 at 11:00:50 with 0 updates
completed on: 10/12/2021 at 12:01:03 with 0 updates
completed on: 10/12/2021 at 13:01:17 with 2 updates
completed on: 10/12/2021 at 14:01:08 with 0 updates
completed on: 10/12/2021 at 15:01:06 with 1 updates
completed on: 10/12/2021 at 16:00:53 with 0 updates
completed on: 10/12/2021 at 17:01:08 with 0 updates
completed on: 10/12/2021 at 18:00:53 with 0 updates
completed on: 10/12/2021 at 19:00:52 with 0 updates
completed on: 10/12/2021 at 20:01:06 with 0 updates
completed on: 10/12/2021 at 21:01:04 with 0 updates
completed on: 10/12/2021 at 22:01:01 with 0 updates
completed on: 10/12/2021 at 23:01:32 with 2 updates
completed on: 11/12/2021 at 00:01:15 with 2 updates
completed on: 11/12/2021 at 01:00:59 with 0 updates
completed on: 11/12/2021 at 02:00:58 with 1 updates
completed on: 11/12/2021 at 03:00:55 with 0 updates
completed on: 11/12/2021 at 04:00:58 with 0 updates
completed on: 11/12/2021 at 05:01:13 with 0 updates
completed on: 11/12/2021 at 06:00:59 with 0 updates
completed on: 11/12/2021 at 07:01:23 with 0 updates
completed on: 11/12/2021 at 08:00:57 with 0 updates
completed on: 11/12/2021 at 09:01:28 with 0 updates
completed on: 11/12/2021 at 10:01:09 with 0 updates
completed on: 11/12/2021 at 11:00:58 with 0 updates
completed on: 11/12/2021 at 12:01:20 with 0 updates
completed on: 11/12/2021 at 13:01:01 with 2 updates
completed on: 11/12/2021 at 14:01:17 with 1 updates
completed on: 11/12/2021 at 15:01:17 with 0 updates
completed on: 11/12/2021 at 16:01:04 with 0 updates
completed on: 11/12/2021 at 17:01:17 with 1 updates
completed on: 11/12/2021 at 18:01:15 with 0 updates
completed on: 11/12/2021 at 20:01:07 with 0 updates
completed on: 11/12/2021 at 21:01:07 with 0 updates
completed on: 11/12/2021 at 22:01:00 with 0 updates
completed on: 11/12/2021 at 23:01:13 with 0 updates
completed on: 12/12/2021 at 00:01:23 with 0 updates
completed on: 12/12/2021 at 01:01:16 with 0 updates
completed on: 12/12/2021 at 02:00:59 with 0 updates
completed on: 12/12/2021 at 03:01:10 with 0 updates
completed on: 12/12/2021 at 04:01:01 with 0 updates
completed on: 12/12/2021 at 05:01:14 with 0 updates
completed on: 12/12/2021 at 06:01:19 with 0 updates
completed on: 12/12/2021 at 07:01:11 with 0 updates
completed on: 12/12/2021 at 08:01:20 with 0 updates
completed on: 12/12/2021 at 09:01:16 with 0 updates
completed on: 12/12/2021 at 10:01:22 with 0 updates
completed on: 12/12/2021 at 11:01:17 with 0 updates
completed on: 12/12/2021 at 12:01:03 with 0 updates
completed on: 12/12/2021 at 13:01:16 with 0 updates
completed on: 12/12/2021 at 14:00:56 with 0 updates
completed on: 12/12/2021 at 15:00:57 with 1 updates
completed on: 12/12/2021 at 16:01:10 with 0 updates
completed on: 12/12/2021 at 17:01:10 with 0 updates
completed on: 12/12/2021 at 18:01:34 with 0 updates
completed on: 12/12/2021 at 19:00:57 with 0 updates
completed on: 12/12/2021 at 20:01:12 with 0 updates
completed on: 12/12/2021 at 21:01:14 with 0 updates
completed on: 12/12/2021 at 22:00:50 with 0 updates
completed on: 12/12/2021 at 23:01:24 with 1 updates
completed on: 13/12/2021 at 00:00:55 with 0 updates
completed on: 13/12/2021 at 01:01:12 with 0 updates
completed on: 13/12/2021 at 02:01:00 with 0 updates
completed on: 13/12/2021 at 03:01:05 with 0 updates
completed on: 13/12/2021 at 04:01:02 with 0 updates
completed on: 13/12/2021 at 05:01:00 with 0 updates
completed on: 13/12/2021 at 06:01:16 with 0 updates
completed on: 13/12/2021 at 07:01:25 with 0 updates
completed on: 13/12/2021 at 08:00:56 with 0 updates
completed on: 13/12/2021 at 09:01:57 with 0 updates
completed on: 13/12/2021 at 10:01:11 with 0 updates
completed on: 13/12/2021 at 11:01:08 with 0 updates
completed on: 13/12/2021 at 12:01:03 with 0 updates
completed on: 13/12/2021 at 13:01:26 with 0 updates
completed on: 13/12/2021 at 14:01:24 with 0 updates
completed on: 13/12/2021 at 15:01:19 with 1 updates
completed on: 13/12/2021 at 16:01:18 with 1 updates
completed on: 13/12/2021 at 17:01:10 with 2 updates
completed on: 13/12/2021 at 18:01:41 with 0 updates
completed on: 13/12/2021 at 20:01:27 with 2 updates
completed on: 13/12/2021 at 21:01:38 with 0 updates
completed on: 13/12/2021 at 22:01:08 with 1 updates
completed on: 13/12/2021 at 23:01:01 with 1 updates
completed on: 14/12/2021 at 00:00:58 with 0 updates
completed on: 14/12/2021 at 01:00:53 with 1 updates
completed on: 14/12/2021 at 02:00:57 with 0 updates
completed on: 14/12/2021 at 03:01:28 with 0 updates
completed on: 14/12/2021 at 04:01:39 with 0 updates
completed on: 14/12/2021 at 05:01:01 with 0 updates
completed on: 14/12/2021 at 06:01:41 with 0 updates
completed on: 14/12/2021 at 07:01:10 with 0 updates
completed on: 14/12/2021 at 08:01:03 with 0 updates
completed on: 14/12/2021 at 09:01:01 with 0 updates
completed on: 14/12/2021 at 10:01:04 with 0 updates
completed on: 14/12/2021 at 11:00:56 with 0 updates
completed on: 14/12/2021 at 12:00:56 with 0 updates
completed on: 14/12/2021 at 13:01:24 with 0 updates
completed on: 14/12/2021 at 14:01:06 with 0 updates
completed on: 14/12/2021 at 15:01:02 with 1 updates
completed on: 14/12/2021 at 16:01:07 with 2 updates
completed on: 14/12/2021 at 17:01:31 with 3 updates
completed on: 14/12/2021 at 18:01:20 with 2 updates
completed on: 14/12/2021 at 19:01:36 with 1 updates
completed on: 14/12/2021 at 21:01:09 with 0 updates
completed on: 14/12/2021 at 22:00:57 with 0 updates
completed on: 14/12/2021 at 23:01:03 with 3 updates
completed on: 15/12/2021 at 00:00:54 with 3 updates
completed on: 15/12/2021 at 01:01:14 with 3 updates
completed on: 15/12/2021 at 02:01:22 with 1 updates
completed on: 15/12/2021 at 03:00:57 with 2 updates
completed on: 15/12/2021 at 04:01:42 with 0 updates
completed on: 15/12/2021 at 05:01:31 with 0 updates
completed on: 15/12/2021 at 06:01:25 with 0 updates
completed on: 15/12/2021 at 08:01:01 with 0 updates
completed on: 15/12/2021 at 10:01:43 with 0 updates
completed on: 15/12/2021 at 11:01:19 with 0 updates
completed on: 15/12/2021 at 12:01:36 with 0 updates
completed on: 15/12/2021 at 13:01:22 with 0 updates
completed on: 15/12/2021 at 14:01:02 with 0 updates
completed on: 15/12/2021 at 15:01:14 with 0 updates
completed on: 15/12/2021 at 16:00:59 with 0 updates
completed on: 15/12/2021 at 17:01:14 with 1 updates
completed on: 15/12/2021 at 18:01:05 with 3 updates
completed on: 15/12/2021 at 19:02:11 with 5 updates
completed on: 15/12/2021 at 20:01:34 with 1 updates
completed on: 15/12/2021 at 21:01:09 with 0 updates
completed on: 15/12/2021 at 22:01:25 with 3 updates
completed on: 15/12/2021 at 23:01:34 with 0 updates
completed on: 16/12/2021 at 00:00:57 with 0 updates
completed on: 16/12/2021 at 01:01:07 with 0 updates
completed on: 16/12/2021 at 02:01:05 with 0 updates
completed on: 16/12/2021 at 03:01:52 with 0 updates
completed on: 16/12/2021 at 04:01:52 with 0 updates
completed on: 16/12/2021 at 05:01:53 with 0 updates
completed on: 16/12/2021 at 06:01:09 with 0 updates
completed on: 16/12/2021 at 07:02:05 with 0 updates
completed on: 16/12/2021 at 08:01:30 with 0 updates
completed on: 16/12/2021 at 09:02:27 with 0 updates
completed on: 16/12/2021 at 10:01:54 with 0 updates
completed on: 16/12/2021 at 12:01:43 with 0 updates
completed on: 16/12/2021 at 14:01:21 with 0 updates
completed on: 16/12/2021 at 16:01:04 with 3 updates
completed on: 16/12/2021 at 17:01:41 with 1 updates
completed on: 16/12/2021 at 18:01:35 with 0 updates
completed on: 16/12/2021 at 19:01:29 with 0 updates
completed on: 16/12/2021 at 20:01:59 with 0 updates
completed on: 16/12/2021 at 21:01:43 with 0 updates
completed on: 16/12/2021 at 22:01:33 with 1 updates
completed on: 16/12/2021 at 23:01:08 with 1 updates
completed on: 17/12/2021 at 00:01:14 with 0 updates
completed on: 17/12/2021 at 01:01:05 with 2 updates
completed on: 17/12/2021 at 02:01:48 with 1 updates
completed on: 17/12/2021 at 04:02:05 with 0 updates
completed on: 17/12/2021 at 05:01:40 with 0 updates
completed on: 17/12/2021 at 06:01:26 with 0 updates
completed on: 17/12/2021 at 07:01:38 with 0 updates
completed on: 17/12/2021 at 08:01:41 with 0 updates
completed on: 17/12/2021 at 09:02:28 with 0 updates
completed on: 17/12/2021 at 10:01:14 with 0 updates
completed on: 17/12/2021 at 11:01:12 with 0 updates
completed on: 17/12/2021 at 12:01:47 with 0 updates
completed on: 17/12/2021 at 13:01:07 with 0 updates
completed on: 17/12/2021 at 14:01:06 with 0 updates
completed on: 17/12/2021 at 15:01:47 with 1 updates
completed on: 17/12/2021 at 16:01:09 with 3 updates
completed on: 17/12/2021 at 17:01:17 with 2 updates
completed on: 17/12/2021 at 19:01:48 with 0 updates
completed on: 17/12/2021 at 20:01:18 with 0 updates
completed on: 17/12/2021 at 21:02:11 with 0 updates
completed on: 17/12/2021 at 22:01:23 with 1 updates
completed on: 17/12/2021 at 23:01:10 with 0 updates
completed on: 18/12/2021 at 00:01:12 with 0 updates
completed on: 18/12/2021 at 01:01:41 with 0 updates
completed on: 18/12/2021 at 02:00:52 with 0 updates
completed on: 18/12/2021 at 03:01:13 with 0 updates
completed on: 18/12/2021 at 04:01:56 with 0 updates
completed on: 18/12/2021 at 05:01:36 with 0 updates
completed on: 18/12/2021 at 06:01:10 with 0 updates
completed on: 18/12/2021 at 07:01:13 with 0 updates
completed on: 18/12/2021 at 08:01:26 with 0 updates
completed on: 18/12/2021 at 09:01:15 with 0 updates
completed on: 18/12/2021 at 10:02:01 with 0 updates
completed on: 18/12/2021 at 11:01:38 with 0 updates
completed on: 18/12/2021 at 12:01:17 with 0 updates
completed on: 18/12/2021 at 13:01:56 with 0 updates
completed on: 18/12/2021 at 14:01:28 with 2 updates
completed on: 18/12/2021 at 15:01:10 with 0 updates
completed on: 18/12/2021 at 16:01:27 with 1 updates
completed on: 18/12/2021 at 17:02:10 with 0 updates
completed on: 18/12/2021 at 18:01:28 with 1 updates
completed on: 18/12/2021 at 19:01:22 with 0 updates
completed on: 18/12/2021 at 20:01:39 with 0 updates
completed on: 18/12/2021 at 21:01:15 with 0 updates
completed on: 18/12/2021 at 22:01:31 with 1 updates
completed on: 18/12/2021 at 23:01:19 with 1 updates
completed on: 19/12/2021 at 00:01:01 with 1 updates
completed on: 19/12/2021 at 01:01:08 with 0 updates
completed on: 19/12/2021 at 02:01:29 with 0 updates
completed on: 19/12/2021 at 03:01:03 with 0 updates
completed on: 19/12/2021 at 04:01:05 with 0 updates
completed on: 19/12/2021 at 05:01:34 with 0 updates
completed on: 19/12/2021 at 06:01:41 with 0 updates
completed on: 19/12/2021 at 07:01:44 with 0 updates
completed on: 19/12/2021 at 08:01:14 with 0 updates
completed on: 19/12/2021 at 09:01:09 with 0 updates
completed on: 19/12/2021 at 10:00:55 with 0 updates
completed on: 19/12/2021 at 11:00:56 with 0 updates
completed on: 19/12/2021 at 12:01:10 with 0 updates
completed on: 19/12/2021 at 13:01:12 with 0 updates
completed on: 19/12/2021 at 15:00:57 with 1 updates
completed on: 19/12/2021 at 16:00:59 with 1 updates
completed on: 19/12/2021 at 17:01:02 with 0 updates
completed on: 19/12/2021 at 18:00:55 with 1 updates
completed on: 19/12/2021 at 19:01:01 with 0 updates
completed on: 19/12/2021 at 20:01:01 with 0 updates
completed on: 19/12/2021 at 21:01:04 with 0 updates
completed on: 19/12/2021 at 22:01:04 with 0 updates
completed on: 19/12/2021 at 23:01:03 with 0 updates
completed on: 20/12/2021 at 00:01:02 with 1 updates
completed on: 20/12/2021 at 01:01:01 with 0 updates
completed on: 20/12/2021 at 02:01:19 with 1 updates
completed on: 20/12/2021 at 03:01:03 with 0 updates
completed on: 20/12/2021 at 04:00:55 with 0 updates
completed on: 20/12/2021 at 05:00:49 with 0 updates
completed on: 20/12/2021 at 06:00:59 with 0 updates
completed on: 20/12/2021 at 07:01:00 with 0 updates
completed on: 20/12/2021 at 08:01:04 with 0 updates
completed on: 20/12/2021 at 09:00:58 with 0 updates
completed on: 20/12/2021 at 10:01:04 with 0 updates
completed on: 20/12/2021 at 11:01:03 with 0 updates
completed on: 20/12/2021 at 12:01:02 with 0 updates
completed on: 20/12/2021 at 13:01:09 with 0 updates
completed on: 20/12/2021 at 14:01:01 with 0 updates
completed on: 20/12/2021 at 15:01:09 with 0 updates
completed on: 20/12/2021 at 16:01:05 with 1 updates
completed on: 20/12/2021 at 17:01:07 with 1 updates
completed on: 20/12/2021 at 18:01:09 with 3 updates
completed on: 20/12/2021 at 19:01:09 with 1 updates
completed on: 20/12/2021 at 20:01:21 with 1 updates
completed on: 20/12/2021 at 21:01:07 with 0 updates
completed on: 20/12/2021 at 22:01:09 with 2 updates
completed on: 20/12/2021 at 23:00:58 with 4 updates
completed on: 21/12/2021 at 00:01:09 with 1 updates
completed on: 21/12/2021 at 13:01:12 with 1 updates
completed on: 21/12/2021 at 16:01:15 with 2 updates
completed on: 21/12/2021 at 17:01:09 with 1 updates
completed on: 21/12/2021 at 18:01:23 with 3 updates
completed on: 21/12/2021 at 19:01:19 with 1 updates
completed on: 21/12/2021 at 22:00:56 with 2 updates
completed on: 21/12/2021 at 23:01:12 with 4 updates
completed on: 22/12/2021 at 00:01:22 with 4 updates
completed on: 22/12/2021 at 01:00:59 with 4 updates
completed on: 22/12/2021 at 17:01:05 with 4 updates
completed on: 22/12/2021 at 18:01:14 with 6 updates
completed on: 22/12/2021 at 19:00:55 with 1 updates
completed on: 22/12/2021 at 20:01:05 with 2 updates
completed on: 22/12/2021 at 23:01:21 with 2 updates
completed on: 23/12/2021 at 00:01:09 with 1 updates
completed on: 23/12/2021 at 01:01:05 with 1 updates
completed on: 23/12/2021 at 18:01:05 with 3 updates
completed on: 23/12/2021 at 21:01:47 with 1 updates
completed on: 23/12/2021 at 23:01:09 with 1 updates
completed on: 24/12/2021 at 00:01:22 with 1 updates
completed on: 24/12/2021 at 18:08:29 with 1 updates
